<?xml version="1.0" encoding="UTF-8"?>
<!-- Generated by org.testng.reporters.JUnitXMLReporter -->
<testsuite ignored="0" hostname="Administrator" failures="0" tests="8" name="Test cases" time="69.961" errors="0" timestamp="2024-01-18T17:10:39 IST">
  <testcase classname="test.CartTest" name="ElementScreenshotTest" time="2.559"/>
  <testcase classname="test.LoginTest" name="EmailWithEmptyPasswordTest" time="4.787"/>
  <testcase classname="test.LoginTest" name="EmailidWithEmptyTextText" time="3.179"/>
  <testcase classname="test.LoginTest" name="InvalidMailidTest" time="3.487"/>
  <testcase classname="test.LoginTest" name="validEmailidAndInvalidPasswordTest" time="7.668"/>
  <testcase classname="test.LoginTest" name="validLoginTest" time="14.984"/>
  <testcase classname="test.CartTest" name="ValidateCartQtyTest" time="4.315"/>
  <testcase classname="test.CartTest" name="ValidateCartPriceTest" time="5.181"/>
</testsuite> <!-- Test cases -->
